<?xml version="1.0" encoding="UTF-8"?>
<!-- Generated by org.testng.reporters.JUnitReportReporter -->
<testsuite hostname="ZIL793" failures="0" tests="1" name="naukri_profile_automation.UpdateResume" time="39.641" errors="0" timestamp="2025-07-06T22:55:07 IST" skipped="0">
  <testcase classname="naukri_profile_automation.UpdateResume" name="uploadResumeToNaukri" time="39.641"/>
</testsuite> <!-- naukri_profile_automation.UpdateResume -->
