<?xml version="1.0" encoding="UTF-8"?>
<!-- Generated by org.testng.reporters.JUnitReportReporter -->
<testsuite hostname="ZIL793" failures="0" tests="1" name="testcases.TestClassTestNG" time="0.020" errors="0" timestamp="2025-07-08T13:33:14 IST" skipped="0">
  <testcase classname="testcases.TestClassTestNG" name="testMethod" time="0.020"/>
</testsuite> <!-- testcases.TestClassTestNG -->
